0 info it worked if it ends with ok
1 verbose cli [ '/Users/menzhongxin/.nvm/versions/node/v4.2.1/bin/node',
1 verbose cli   '/Users/menzhongxin/.nvm/versions/node/v4.2.1/bin/npm',
1 verbose cli   'publish',
1 verbose cli   'smart-middleware-express' ]
2 info using npm@2.14.7
3 info using node@v4.2.1
4 verbose publish [ 'smart-middleware-express' ]
5 silly cache add args [ 'smart-middleware-express', null ]
6 verbose cache add spec smart-middleware-express
7 silly cache add parsed spec Result {
7 silly cache add   raw: 'smart-middleware-express',
7 silly cache add   scope: null,
7 silly cache add   name: 'smart-middleware-express',
7 silly cache add   rawSpec: '',
7 silly cache add   spec: '*',
7 silly cache add   type: 'range' }
8 silly addNamed smart-middleware-express@*
9 verbose addNamed "*" is a valid semver range for smart-middleware-express
10 silly addNameRange { name: 'smart-middleware-express', range: '*', hasData: false }
11 silly mapToRegistry name smart-middleware-express
12 silly mapToRegistry using default registry
13 silly mapToRegistry registry https://registry.npmjs.org/
14 silly mapToRegistry uri https://registry.npmjs.org/smart-middleware-express
15 verbose addNameRange registry:https://registry.npmjs.org/smart-middleware-express not in flight; fetching
16 verbose request uri https://registry.npmjs.org/smart-middleware-express
17 verbose request no auth needed
18 info attempt registry request try #1 at 11:29:52 AM
19 verbose request using bearer token for auth
20 verbose request id 5228a0952ef2a1ba
21 http request GET https://registry.npmjs.org/smart-middleware-express
22 http 200 https://registry.npmjs.org/smart-middleware-express
23 verbose headers { server: 'nginx/1.10.1',
23 verbose headers   'content-type': 'application/json',
23 verbose headers   'last-modified': 'Sun, 04 Dec 2016 13:01:04 GMT',
23 verbose headers   etag: 'W/"58441390-16c0"',
23 verbose headers   'content-encoding': 'gzip',
23 verbose headers   'cache-control': 'max-age=300',
23 verbose headers   'transfer-encoding': 'chunked',
23 verbose headers   'accept-ranges': 'bytes',
23 verbose headers   date: 'Wed, 04 Jan 2017 03:30:00 GMT',
23 verbose headers   via: '1.1 varnish',
23 verbose headers   connection: 'keep-alive',
23 verbose headers   'x-served-by': 'cache-nrt6131-NRT',
23 verbose headers   'x-cache': 'MISS',
23 verbose headers   'x-cache-hits': '0',
23 verbose headers   'x-timer': 'S1483500600.174236,VS0,VE160',
23 verbose headers   vary: 'Accept-Encoding' }
24 silly get cb [ 200,
24 silly get   { server: 'nginx/1.10.1',
24 silly get     'content-type': 'application/json',
24 silly get     'last-modified': 'Sun, 04 Dec 2016 13:01:04 GMT',
24 silly get     etag: 'W/"58441390-16c0"',
24 silly get     'content-encoding': 'gzip',
24 silly get     'cache-control': 'max-age=300',
24 silly get     'transfer-encoding': 'chunked',
24 silly get     'accept-ranges': 'bytes',
24 silly get     date: 'Wed, 04 Jan 2017 03:30:00 GMT',
24 silly get     via: '1.1 varnish',
24 silly get     connection: 'keep-alive',
24 silly get     'x-served-by': 'cache-nrt6131-NRT',
24 silly get     'x-cache': 'MISS',
24 silly get     'x-cache-hits': '0',
24 silly get     'x-timer': 'S1483500600.174236,VS0,VE160',
24 silly get     vary: 'Accept-Encoding' } ]
25 verbose get saving smart-middleware-express to /Users/menzhongxin/.npm/registry.npmjs.org/smart-middleware-express/.cache.json
26 silly addNameRange number 2 { name: 'smart-middleware-express', range: '*', hasData: true }
27 silly addNameRange versions [ 'smart-middleware-express', [ '0.1.0', '0.1.1', '0.1.2' ] ]
28 silly addNamed smart-middleware-express@0.1.2
29 verbose addNamed "0.1.2" is a plain semver version for smart-middleware-express
30 silly cache afterAdd smart-middleware-express@0.1.2
31 verbose afterAdd /Users/menzhongxin/.npm/smart-middleware-express/0.1.2/package/package.json not in flight; writing
32 verbose afterAdd /Users/menzhongxin/.npm/smart-middleware-express/0.1.2/package/package.json written
33 silly publish { name: 'smart-middleware-express',
33 silly publish   description: 'auto load middleware, auto matching middleware by config',
33 silly publish   version: '0.1.2',
33 silly publish   repository:
33 silly publish    { type: 'git',
33 silly publish      url: 'git+https://github.com/amenema/smart-middleware-express.git' },
33 silly publish   main: 'index.js',
33 silly publish   files: [ 'lib', 'index.js' ],
33 silly publish   scripts:
33 silly publish    { test: 'node ./node_modules/.bin/istanbul cover ./node_modules/mocha/bin/_mocha --colors ./test/test.js',
33 silly publish      coverage: 'cat ./coverage/lcov.info | coveralls' },
33 silly publish   engines: { node: '> 4.0' },
33 silly publish   author: { name: 'amenema', email: 'menzhongxin@163.com' },
33 silly publish   license: 'MIT',
33 silly publish   keywords: [ 'express', 'middleware', 'router', 'route', 'filter', 'regExp' ],
33 silly publish   bugs: { url: 'https://github.com/amenema/smart-middleware-express/issues' },
33 silly publish   homepage: 'https://github.com/amenema/smart-middleware-express',
33 silly publish   directories: { test: 'test' },
33 silly publish   dependencies: { lodash: '^4.17.2' },
33 silly publish   devDependencies:
33 silly publish    { lodash: '^4.17.2',
33 silly publish      express: '~4.13.1',
33 silly publish      coveralls: '^2.11.15',
33 silly publish      istanbul: '^0.4.5',
33 silly publish      mocha: '^3.1.2',
33 silly publish      should: '^11.1.1',
33 silly publish      supertest: '^2.0.1' },
33 silly publish   readme: '# smart-middleware-express\n',
33 silly publish   readmeFilename: 'README.md',
33 silly publish   gitHead: '2d5ac4d70729e742931201b687f69e7b79911d01',
33 silly publish   _id: 'smart-middleware-express@0.1.2',
33 silly publish   _shasum: '3cfb42eaa0ab3537c3f4898c05e4ff108ebf9c29',
33 silly publish   _from: 'smart-middleware-express@*' }
34 info prepublish smart-middleware-express@0.1.2
35 verbose getPublishConfig undefined
36 silly mapToRegistry name smart-middleware-express
37 silly mapToRegistry using default registry
38 silly mapToRegistry registry https://registry.npmjs.org/
39 silly mapToRegistry uri https://registry.npmjs.org/smart-middleware-express
40 verbose publish registryBase https://registry.npmjs.org/
41 silly publish uploading /Users/menzhongxin/.npm/smart-middleware-express/0.1.2/package.tgz
42 verbose request uri https://registry.npmjs.org/smart-middleware-express
43 verbose request sending authorization for write operation
44 info attempt registry request try #1 at 11:30:00 AM
45 verbose request using bearer token for auth
46 http request PUT https://registry.npmjs.org/smart-middleware-express
47 http 403 https://registry.npmjs.org/smart-middleware-express
48 verbose headers { 'content-type': 'application/json',
48 verbose headers   'cache-control': 'max-age=300',
48 verbose headers   'content-length': '95',
48 verbose headers   'accept-ranges': 'bytes',
48 verbose headers   date: 'Wed, 04 Jan 2017 03:30:01 GMT',
48 verbose headers   via: '1.1 varnish',
48 verbose headers   connection: 'keep-alive',
48 verbose headers   'x-served-by': 'cache-nrt6134-NRT',
48 verbose headers   'x-cache': 'MISS',
48 verbose headers   'x-cache-hits': '0',
48 verbose headers   'x-timer': 'S1483500600.824920,VS0,VE689',
48 verbose headers   vary: 'Accept-Encoding' }
49 verbose request invalidating /Users/menzhongxin/.npm/registry.npmjs.org/smart-middleware-express on PUT
50 error publish Failed PUT 403
51 verbose stack Error: "You cannot publish over the previously published version 0.1.2." : smart-middleware-express
51 verbose stack     at makeError (/Users/menzhongxin/.nvm/versions/node/v4.2.1/lib/node_modules/npm/node_modules/npm-registry-client/lib/request.js:264:12)
51 verbose stack     at CachingRegistryClient.<anonymous> (/Users/menzhongxin/.nvm/versions/node/v4.2.1/lib/node_modules/npm/node_modules/npm-registry-client/lib/request.js:252:14)
51 verbose stack     at Request._callback (/Users/menzhongxin/.nvm/versions/node/v4.2.1/lib/node_modules/npm/node_modules/npm-registry-client/lib/request.js:172:14)
51 verbose stack     at Request.self.callback (/Users/menzhongxin/.nvm/versions/node/v4.2.1/lib/node_modules/npm/node_modules/request/request.js:198:22)
51 verbose stack     at emitTwo (events.js:87:13)
51 verbose stack     at Request.emit (events.js:172:7)
51 verbose stack     at Request.<anonymous> (/Users/menzhongxin/.nvm/versions/node/v4.2.1/lib/node_modules/npm/node_modules/request/request.js:1063:14)
51 verbose stack     at emitOne (events.js:82:20)
51 verbose stack     at Request.emit (events.js:169:7)
51 verbose stack     at IncomingMessage.<anonymous> (/Users/menzhongxin/.nvm/versions/node/v4.2.1/lib/node_modules/npm/node_modules/request/request.js:1009:12)
52 verbose statusCode 403
53 verbose pkgid smart-middleware-express
54 verbose cwd /Users/menzhongxin/nodespace/smart-middleware-express
55 error Darwin 16.3.0
56 error argv "/Users/menzhongxin/.nvm/versions/node/v4.2.1/bin/node" "/Users/menzhongxin/.nvm/versions/node/v4.2.1/bin/npm" "publish" "smart-middleware-express"
57 error node v4.2.1
58 error npm  v2.14.7
59 error code E403
60 error "You cannot publish over the previously published version 0.1.2." : smart-middleware-express
61 error If you need help, you may report this error at:
61 error     <https://github.com/npm/npm/issues>
62 verbose exit [ 1, true ]
